[debug] [2020-09-09T11:52:24.966Z] ----------------------------------------------------------------------
[debug] [2020-09-09T11:52:24.968Z] Command:       /Users/mistermatt/.nvm/versions/node/v14.4.0/bin/node /Users/mistermatt/.nvm/versions/node/v14.4.0/bin/firebase deploy
[debug] [2020-09-09T11:52:24.969Z] CLI Version:   8.6.0
[debug] [2020-09-09T11:52:24.969Z] Platform:      darwin
[debug] [2020-09-09T11:52:24.969Z] Node Version:  v14.4.0
[debug] [2020-09-09T11:52:24.970Z] Time:          Wed Sep 09 2020 04:52:24 GMT-0700 (Pacific Daylight Time)
[debug] [2020-09-09T11:52:24.970Z] ----------------------------------------------------------------------
[debug] [2020-09-09T11:52:24.970Z] 
[debug] [2020-09-09T11:52:24.979Z] > command requires scopes: ["email","openid","https://www.googleapis.com/auth/cloudplatformprojects.readonly","https://www.googleapis.com/auth/firebase","https://www.googleapis.com/auth/cloud-platform"]
[debug] [2020-09-09T11:52:24.979Z] > authorizing via signed-in user
[debug] [2020-09-09T11:52:24.980Z] [iam] checking project troll-need-gold-02 for permissions ["cloudfunctions.functions.create","cloudfunctions.functions.delete","cloudfunctions.functions.get","cloudfunctions.functions.list","cloudfunctions.functions.update","cloudfunctions.operations.get","datastore.indexes.create","datastore.indexes.delete","datastore.indexes.list","datastore.indexes.update","firebase.projects.get","firebasehosting.sites.update","firebaserules.releases.create","firebaserules.releases.update","firebaserules.rulesets.create"]
[debug] [2020-09-09T11:52:24.982Z] > refreshing access token with scopes: ["email","https://www.googleapis.com/auth/cloud-platform","https://www.googleapis.com/auth/cloudplatformprojects.readonly","https://www.googleapis.com/auth/firebase","openid"]
[debug] [2020-09-09T11:52:24.982Z] >>> HTTP REQUEST POST https://www.googleapis.com/oauth2/v3/token  
 <request body omitted>
[debug] [2020-09-09T11:52:25.127Z] <<< HTTP RESPONSE 200 {"content-type":"application/json; charset=utf-8","vary":"X-Origin, Referer, Origin,Accept-Encoding","date":"Wed, 09 Sep 2020 11:52:25 GMT","server":"scaffolding on HTTPServer2","cache-control":"private","x-xss-protection":"0","x-frame-options":"SAMEORIGIN","x-content-type-options":"nosniff","alt-svc":"h3-29=\":443\"; ma=2592000,h3-27=\":443\"; ma=2592000,h3-T051=\":443\"; ma=2592000,h3-T050=\":443\"; ma=2592000,h3-Q050=\":443\"; ma=2592000,h3-Q046=\":443\"; ma=2592000,h3-Q043=\":443\"; ma=2592000,quic=\":443\"; ma=2592000; v=\"46,43\"","accept-ranges":"none","transfer-encoding":"chunked"}
[debug] [2020-09-09T11:52:25.142Z] >>> HTTP REQUEST POST https://cloudresourcemanager.googleapis.com/v1/projects/troll-need-gold-02:testIamPermissions  
 {"permissions":["cloudfunctions.functions.create","cloudfunctions.functions.delete","cloudfunctions.functions.get","cloudfunctions.functions.list","cloudfunctions.functions.update","cloudfunctions.operations.get","datastore.indexes.create","datastore.indexes.delete","datastore.indexes.list","datastore.indexes.update","firebase.projects.get","firebasehosting.sites.update","firebaserules.releases.create","firebaserules.releases.update","firebaserules.rulesets.create"]}
[debug] [2020-09-09T11:52:25.384Z] <<< HTTP RESPONSE 200 {"content-type":"application/json; charset=UTF-8","vary":"X-Origin, Referer, Origin,Accept-Encoding","date":"Wed, 09 Sep 2020 11:52:25 GMT","server":"ESF","cache-control":"private","x-xss-protection":"0","x-frame-options":"SAMEORIGIN","x-content-type-options":"nosniff","server-timing":"gfet4t7; dur=149","alt-svc":"h3-29=\":443\"; ma=2592000,h3-27=\":443\"; ma=2592000,h3-T051=\":443\"; ma=2592000,h3-T050=\":443\"; ma=2592000,h3-Q050=\":443\"; ma=2592000,h3-Q046=\":443\"; ma=2592000,h3-Q043=\":443\"; ma=2592000,quic=\":443\"; ma=2592000; v=\"46,43\"","accept-ranges":"none","transfer-encoding":"chunked"}
[debug] [2020-09-09T11:52:25.385Z] >>> HTTP REQUEST POST https://iam.googleapis.com/v1/projects/troll-need-gold-02/serviceAccounts/troll-need-gold-02@appspot.gserviceaccount.com:testIamPermissions  
 {"permissions":["iam.serviceAccounts.actAs"]}
[debug] [2020-09-09T11:52:25.562Z] <<< HTTP RESPONSE 200 {"content-type":"application/json; charset=UTF-8","vary":"X-Origin, Referer, Origin,Accept-Encoding","date":"Wed, 09 Sep 2020 11:52:25 GMT","server":"ESF","cache-control":"private","x-xss-protection":"0","x-frame-options":"SAMEORIGIN","x-content-type-options":"nosniff","alt-svc":"h3-29=\":443\"; ma=2592000,h3-27=\":443\"; ma=2592000,h3-T051=\":443\"; ma=2592000,h3-T050=\":443\"; ma=2592000,h3-Q050=\":443\"; ma=2592000,h3-Q046=\":443\"; ma=2592000,h3-Q043=\":443\"; ma=2592000,quic=\":443\"; ma=2592000; v=\"46,43\"","accept-ranges":"none","transfer-encoding":"chunked"}
[debug] [2020-09-09T11:52:25.563Z] >>> HTTP REQUEST GET https://firebase.googleapis.com/v1beta1/projects/troll-need-gold-02  
 
[debug] [2020-09-09T11:52:25.775Z] <<< HTTP RESPONSE 200 {"content-type":"application/json; charset=UTF-8","vary":"X-Origin, Referer, Origin,Accept-Encoding","date":"Wed, 09 Sep 2020 11:52:25 GMT","server":"ESF","cache-control":"private","x-xss-protection":"0","x-frame-options":"SAMEORIGIN","x-content-type-options":"nosniff","alt-svc":"h3-Q050=\":443\"; ma=2592000,h3-29=\":443\"; ma=2592000,h3-27=\":443\"; ma=2592000,h3-T051=\":443\"; ma=2592000,h3-T050=\":443\"; ma=2592000,h3-Q046=\":443\"; ma=2592000,h3-Q043=\":443\"; ma=2592000,quic=\":443\"; ma=2592000; v=\"46,43\"","accept-ranges":"none","transfer-encoding":"chunked"}
[warn] ⚠  functions: package.json indicates an outdated version of firebase-functions.
Please upgrade using npm install --save firebase-functions@latest in your functions directory. 
[info] 
[info] === Deploying to 'troll-need-gold-02'...
[info] 
[info] i  deploying storage, firestore, functions, hosting 
[info] ✔  functions: Finished running predeploy script. 
[debug] [2020-09-09T11:52:27.510Z] >>> HTTP REQUEST GET https://appengine.googleapis.com/v1/apps/troll-need-gold-02  
 
[debug] [2020-09-09T11:52:28.003Z] <<< HTTP RESPONSE 200 {"content-type":"application/json; charset=UTF-8","vary":"X-Origin, Referer, Origin,Accept-Encoding","date":"Wed, 09 Sep 2020 11:52:27 GMT","server":"ESF","cache-control":"private","x-xss-protection":"0","x-frame-options":"SAMEORIGIN","x-content-type-options":"nosniff","alt-svc":"h3-29=\":443\"; ma=2592000,h3-27=\":443\"; ma=2592000,h3-T051=\":443\"; ma=2592000,h3-T050=\":443\"; ma=2592000,h3-Q050=\":443\"; ma=2592000,h3-Q046=\":443\"; ma=2592000,h3-Q043=\":443\"; ma=2592000,quic=\":443\"; ma=2592000; v=\"46,43\"","accept-ranges":"none","transfer-encoding":"chunked"}
[info] i  firebase.storage: checking storage.rules for compilation errors... 
[debug] [2020-09-09T11:52:28.006Z] >>> HTTP REQUEST POST https://firebaserules.googleapis.com/v1/projects/troll-need-gold-02:test  
 {"source":{"files":[{"name":"storage.rules","content":"rules_version = '2';\nservice firebase.storage {\n  match /b/{bucket}/o {\n    match /{allPaths=**} {\n      allow read, write: if request.auth!=null;\n    }\n  }\n}\n"}]}}
[debug] [2020-09-09T11:52:28.411Z] <<< HTTP RESPONSE 200 {"content-type":"application/json; charset=UTF-8","vary":"X-Origin, Referer, Origin,Accept-Encoding","date":"Wed, 09 Sep 2020 11:52:28 GMT","server":"ESF","cache-control":"private","x-xss-protection":"0","x-frame-options":"SAMEORIGIN","x-content-type-options":"nosniff","alt-svc":"h3-29=\":443\"; ma=2592000,h3-27=\":443\"; ma=2592000,h3-T051=\":443\"; ma=2592000,h3-T050=\":443\"; ma=2592000,h3-Q050=\":443\"; ma=2592000,h3-Q046=\":443\"; ma=2592000,h3-Q043=\":443\"; ma=2592000,quic=\":443\"; ma=2592000; v=\"46,43\"","accept-ranges":"none","transfer-encoding":"chunked"}
[info] ✔  firebase.storage: rules file storage.rules compiled successfully 
[info] i  firestore: reading indexes from firestore.indexes.json... 
[info] i  cloud.firestore: checking firestore.rules for compilation errors... 
[debug] [2020-09-09T11:52:28.416Z] >>> HTTP REQUEST POST https://firebaserules.googleapis.com/v1/projects/troll-need-gold-02:test  
 {"source":{"files":[{"name":"firestore.rules","content":"rules_version = '2';\nservice cloud.firestore {\n  match /databases/{database}/documents {\n\n    // This rule allows anyone with your database reference to view, edit,\n    // and delete all data in your Firestore database. It is useful for getting\n    // started, but it is configured to expire after 30 days because it\n    // leaves your app open to attackers. At that time, all client\n    // requests to your Firestore database will be denied.\n    //\n    // Make sure to write security rules for your app before that time, or else\n    // all client requests to your Firestore database will be denied until you Update\n    // your rules\n    match /{document=**} {\n      allow read, write: if request.time < timestamp.date(2020, 9, 16);\n    }\n  }\n}"}]}}
[debug] [2020-09-09T11:52:28.748Z] <<< HTTP RESPONSE 200 {"content-type":"application/json; charset=UTF-8","vary":"X-Origin, Referer, Origin,Accept-Encoding","date":"Wed, 09 Sep 2020 11:52:28 GMT","server":"ESF","cache-control":"private","x-xss-protection":"0","x-frame-options":"SAMEORIGIN","x-content-type-options":"nosniff","alt-svc":"h3-29=\":443\"; ma=2592000,h3-27=\":443\"; ma=2592000,h3-T051=\":443\"; ma=2592000,h3-T050=\":443\"; ma=2592000,h3-Q050=\":443\"; ma=2592000,h3-Q046=\":443\"; ma=2592000,h3-Q043=\":443\"; ma=2592000,quic=\":443\"; ma=2592000; v=\"46,43\"","accept-ranges":"none","transfer-encoding":"chunked"}
[info] ✔  cloud.firestore: rules file firestore.rules compiled successfully 
[debug] [2020-09-09T11:52:28.750Z] > [functions] package.json contents: {
  "name": "functions",
  "description": "Cloud Functions for Firebase",
  "scripts": {
    "lint": "eslint .",
    "serve": "firebase emulators:start --only functions",
    "shell": "firebase functions:shell",
    "start": "npm run shell",
    "deploy": "firebase deploy --only functions",
    "logs": "firebase functions:log"
  },
  "engines": {
    "node": "8"
  },
  "dependencies": {
    "firebase-admin": "^8.10.0",
    "firebase-functions": "^3.6.1"
  },
  "devDependencies": {
    "eslint": "^5.12.0",
    "eslint-plugin-promise": "^4.0.1",
    "firebase-functions-test": "^0.2.0"
  },
  "private": true
}
[info] i  functions: ensuring required API cloudfunctions.googleapis.com is enabled... 
[warn] 
[warn] ⚠  functions: The Node.js 8 runtime is deprecated and will be decommissioned on 2021-03-15. For more information, see: https://firebase.google.com/support/faq#functions-runtime 
[warn] 
[debug] [2020-09-09T11:52:29.694Z] >>> HTTP REQUEST GET https://serviceusage.googleapis.com/v1/projects/troll-need-gold-02/services/cloudfunctions.googleapis.com  
 
[debug] [2020-09-09T11:52:29.694Z] >>> HTTP REQUEST GET https://serviceusage.googleapis.com/v1/projects/troll-need-gold-02/services/runtimeconfig.googleapis.com  
 
[debug] [2020-09-09T11:52:30.164Z] <<< HTTP RESPONSE 200 {"content-type":"application/json; charset=UTF-8","vary":"X-Origin, Referer, Origin,Accept-Encoding","date":"Wed, 09 Sep 2020 11:52:30 GMT","server":"ESF","cache-control":"private","x-xss-protection":"0","x-frame-options":"SAMEORIGIN","x-content-type-options":"nosniff","alt-svc":"h3-29=\":443\"; ma=2592000,h3-27=\":443\"; ma=2592000,h3-T051=\":443\"; ma=2592000,h3-T050=\":443\"; ma=2592000,h3-Q050=\":443\"; ma=2592000,h3-Q046=\":443\"; ma=2592000,h3-Q043=\":443\"; ma=2592000,quic=\":443\"; ma=2592000; v=\"46,43\"","accept-ranges":"none","transfer-encoding":"chunked"}
[debug] [2020-09-09T11:52:30.301Z] <<< HTTP RESPONSE 200 {"content-type":"application/json; charset=UTF-8","vary":"X-Origin, Referer, Origin,Accept-Encoding","date":"Wed, 09 Sep 2020 11:52:30 GMT","server":"ESF","cache-control":"private","x-xss-protection":"0","x-frame-options":"SAMEORIGIN","x-content-type-options":"nosniff","alt-svc":"h3-29=\":443\"; ma=2592000,h3-27=\":443\"; ma=2592000,h3-T051=\":443\"; ma=2592000,h3-T050=\":443\"; ma=2592000,h3-Q050=\":443\"; ma=2592000,h3-Q046=\":443\"; ma=2592000,h3-Q043=\":443\"; ma=2592000,quic=\":443\"; ma=2592000; v=\"46,43\"","accept-ranges":"none","transfer-encoding":"chunked"}
[info] ✔  functions: required API cloudfunctions.googleapis.com is enabled 
[debug] [2020-09-09T11:52:30.302Z] >>> HTTP REQUEST GET https://firebase.googleapis.com/v1beta1/projects/troll-need-gold-02/adminSdkConfig  
 
[debug] [2020-09-09T11:52:30.565Z] <<< HTTP RESPONSE 200 {"content-type":"application/json; charset=UTF-8","vary":"X-Origin, Referer, Origin,Accept-Encoding","date":"Wed, 09 Sep 2020 11:52:30 GMT","server":"ESF","cache-control":"private","x-xss-protection":"0","x-frame-options":"SAMEORIGIN","x-content-type-options":"nosniff","alt-svc":"h3-Q050=\":443\"; ma=2592000,h3-29=\":443\"; ma=2592000,h3-27=\":443\"; ma=2592000,h3-T051=\":443\"; ma=2592000,h3-T050=\":443\"; ma=2592000,h3-Q046=\":443\"; ma=2592000,h3-Q043=\":443\"; ma=2592000,quic=\":443\"; ma=2592000; v=\"46,43\"","accept-ranges":"none","transfer-encoding":"chunked"}
[debug] [2020-09-09T11:52:30.567Z] >>> HTTP REQUEST POST https://firebasehosting.googleapis.com/v1beta1/sites/troll-need-gold-02/versions  
 {"config":{"rewrites":[{"glob":"**","path":"/index.html"}]},"labels":{"deployment-tool":"cli-firebase"}}
[debug] [2020-09-09T11:52:31.586Z] <<< HTTP RESPONSE 200 {"content-type":"application/json; charset=UTF-8","vary":"X-Origin, Referer, Origin,Accept-Encoding","date":"Wed, 09 Sep 2020 11:52:31 GMT","server":"ESF","cache-control":"private","x-xss-protection":"0","x-frame-options":"SAMEORIGIN","x-content-type-options":"nosniff","alt-svc":"h3-Q050=\":443\"; ma=2592000,h3-29=\":443\"; ma=2592000,h3-27=\":443\"; ma=2592000,h3-T051=\":443\"; ma=2592000,h3-T050=\":443\"; ma=2592000,h3-Q046=\":443\"; ma=2592000,h3-Q043=\":443\"; ma=2592000,quic=\":443\"; ma=2592000; v=\"46,43\"","accept-ranges":"none","transfer-encoding":"chunked"}
[debug] [2020-09-09T11:52:31.588Z] >>> HTTP REQUEST GET https://firebaserules.googleapis.com/v1/projects/troll-need-gold-02/releases?pageSize=10&pageToken=  
 
[debug] [2020-09-09T11:52:31.997Z] <<< HTTP RESPONSE 200 {"content-type":"application/json; charset=UTF-8","vary":"X-Origin, Referer, Origin,Accept-Encoding","date":"Wed, 09 Sep 2020 11:52:31 GMT","server":"ESF","cache-control":"private","x-xss-protection":"0","x-frame-options":"SAMEORIGIN","x-content-type-options":"nosniff","alt-svc":"h3-29=\":443\"; ma=2592000,h3-27=\":443\"; ma=2592000,h3-T051=\":443\"; ma=2592000,h3-T050=\":443\"; ma=2592000,h3-Q050=\":443\"; ma=2592000,h3-Q046=\":443\"; ma=2592000,h3-Q043=\":443\"; ma=2592000,quic=\":443\"; ma=2592000; v=\"46,43\"","accept-ranges":"none","transfer-encoding":"chunked"}
[debug] [2020-09-09T11:52:31.999Z] >>> HTTP REQUEST GET https://firebaserules.googleapis.com/v1/projects/troll-need-gold-02/rulesets/293b8f1b-1b9d-4a04-8f94-14bc018504a6  
 
[debug] [2020-09-09T11:52:32.157Z] <<< HTTP RESPONSE 200 {"content-type":"application/json; charset=UTF-8","vary":"X-Origin, Referer, Origin,Accept-Encoding","date":"Wed, 09 Sep 2020 11:52:32 GMT","server":"ESF","cache-control":"private","x-xss-protection":"0","x-frame-options":"SAMEORIGIN","x-content-type-options":"nosniff","alt-svc":"h3-29=\":443\"; ma=2592000,h3-27=\":443\"; ma=2592000,h3-T051=\":443\"; ma=2592000,h3-T050=\":443\"; ma=2592000,h3-Q050=\":443\"; ma=2592000,h3-Q046=\":443\"; ma=2592000,h3-Q043=\":443\"; ma=2592000,quic=\":443\"; ma=2592000; v=\"46,43\"","accept-ranges":"none","transfer-encoding":"chunked"}
[info] i  storage: latest version of storage.rules already up to date, skipping upload... 
[debug] [2020-09-09T11:52:32.160Z] >>> HTTP REQUEST GET https://firebaserules.googleapis.com/v1/projects/troll-need-gold-02/releases?pageSize=10&pageToken=  
 
[debug] [2020-09-09T11:52:32.160Z] >>> HTTP REQUEST GET https://firestore.googleapis.com/v1/projects/troll-need-gold-02/databases/(default)/collectionGroups/-/indexes  
 
[debug] [2020-09-09T11:52:32.611Z] <<< HTTP RESPONSE 200 {"content-type":"application/json; charset=UTF-8","vary":"X-Origin, Referer, Origin,Accept-Encoding","date":"Wed, 09 Sep 2020 11:52:32 GMT","server":"ESF","cache-control":"private","x-xss-protection":"0","x-frame-options":"SAMEORIGIN","x-content-type-options":"nosniff","alt-svc":"h3-29=\":443\"; ma=2592000,h3-27=\":443\"; ma=2592000,h3-T051=\":443\"; ma=2592000,h3-T050=\":443\"; ma=2592000,h3-Q050=\":443\"; ma=2592000,h3-Q046=\":443\"; ma=2592000,h3-Q043=\":443\"; ma=2592000,quic=\":443\"; ma=2592000; v=\"46,43\"","accept-ranges":"none","transfer-encoding":"chunked"}
[debug] [2020-09-09T11:52:32.612Z] >>> HTTP REQUEST GET https://firebaserules.googleapis.com/v1/projects/troll-need-gold-02/rulesets/ec8ec6f5-2e21-47e1-a75c-0ccdc7e7f3a2  
 
[debug] [2020-09-09T11:52:32.806Z] <<< HTTP RESPONSE 200 {"content-type":"application/json; charset=UTF-8","vary":"X-Origin, Referer, Origin,Accept-Encoding","date":"Wed, 09 Sep 2020 11:52:32 GMT","server":"ESF","cache-control":"private","x-xss-protection":"0","x-frame-options":"SAMEORIGIN","x-content-type-options":"nosniff","alt-svc":"h3-29=\":443\"; ma=2592000,h3-27=\":443\"; ma=2592000,h3-T051=\":443\"; ma=2592000,h3-T050=\":443\"; ma=2592000,h3-Q050=\":443\"; ma=2592000,h3-Q046=\":443\"; ma=2592000,h3-Q043=\":443\"; ma=2592000,quic=\":443\"; ma=2592000; v=\"46,43\"","accept-ranges":"none","transfer-encoding":"chunked"}
[debug] [2020-09-09T11:52:32.807Z] >>> HTTP REQUEST GET https://firestore.googleapis.com/v1/projects/troll-need-gold-02/databases/(default)/collectionGroups/-/fields?filter=indexConfig.usesAncestorConfig=false  
 
[debug] [2020-09-09T11:52:32.919Z] <<< HTTP RESPONSE 200 {"content-type":"application/json; charset=UTF-8","vary":"X-Origin, Referer, Origin,Accept-Encoding","date":"Wed, 09 Sep 2020 11:52:32 GMT","server":"ESF","cache-control":"private","x-xss-protection":"0","x-frame-options":"SAMEORIGIN","x-content-type-options":"nosniff","alt-svc":"h3-29=\":443\"; ma=2592000,h3-27=\":443\"; ma=2592000,h3-T051=\":443\"; ma=2592000,h3-T050=\":443\"; ma=2592000,h3-Q050=\":443\"; ma=2592000,h3-Q046=\":443\"; ma=2592000,h3-Q043=\":443\"; ma=2592000,quic=\":443\"; ma=2592000; v=\"46,43\"","accept-ranges":"none","transfer-encoding":"chunked"}
[info] i  firestore: latest version of firestore.rules already up to date, skipping upload... 
[debug] [2020-09-09T11:52:33.429Z] <<< HTTP RESPONSE 200 {"content-type":"application/json; charset=UTF-8","vary":"X-Origin, Referer, Origin,Accept-Encoding","date":"Wed, 09 Sep 2020 11:52:33 GMT","server":"ESF","cache-control":"private","x-xss-protection":"0","x-frame-options":"SAMEORIGIN","x-content-type-options":"nosniff","alt-svc":"h3-29=\":443\"; ma=2592000,h3-27=\":443\"; ma=2592000,h3-T051=\":443\"; ma=2592000,h3-T050=\":443\"; ma=2592000,h3-Q050=\":443\"; ma=2592000,h3-Q046=\":443\"; ma=2592000,h3-Q043=\":443\"; ma=2592000,quic=\":443\"; ma=2592000; v=\"46,43\"","accept-ranges":"none","transfer-encoding":"chunked"}
[info] ✔  firestore: deployed indexes in firestore.indexes.json successfully 
[info] i  functions: preparing functions directory for uploading... 
[debug] [2020-09-09T11:52:33.431Z] >>> HTTP REQUEST GET https://runtimeconfig.googleapis.com/v1beta1/projects/troll-need-gold-02/configs  
 
[debug] [2020-09-09T11:52:33.839Z] <<< HTTP RESPONSE 200 {"content-type":"application/json; charset=UTF-8","vary":"X-Origin, Referer, Origin,Accept-Encoding","date":"Wed, 09 Sep 2020 11:52:33 GMT","server":"ESF","cache-control":"private","x-xss-protection":"0","x-frame-options":"SAMEORIGIN","x-content-type-options":"nosniff","alt-svc":"h3-29=\":443\"; ma=2592000,h3-27=\":443\"; ma=2592000,h3-T051=\":443\"; ma=2592000,h3-T050=\":443\"; ma=2592000,h3-Q050=\":443\"; ma=2592000,h3-Q046=\":443\"; ma=2592000,h3-Q043=\":443\"; ma=2592000,quic=\":443\"; ma=2592000; v=\"46,43\"","accept-ranges":"none","transfer-encoding":"chunked"}
[info] i  functions: packaged functions (40.03 KB) for uploading 
[debug] [2020-09-09T11:52:34.380Z] >>> HTTP REQUEST GET https://cloudfunctions.googleapis.com/v1/projects/troll-need-gold-02/locations/-/functions  
 
[debug] [2020-09-09T11:52:35.068Z] <<< HTTP RESPONSE 200 {"content-type":"application/json; charset=UTF-8","vary":"X-Origin, Referer, Origin,Accept-Encoding","date":"Wed, 09 Sep 2020 11:52:34 GMT","server":"ESF","cache-control":"private","x-xss-protection":"0","x-frame-options":"SAMEORIGIN","x-content-type-options":"nosniff","alt-svc":"h3-29=\":443\"; ma=2592000,h3-27=\":443\"; ma=2592000,h3-T051=\":443\"; ma=2592000,h3-T050=\":443\"; ma=2592000,h3-Q050=\":443\"; ma=2592000,h3-Q046=\":443\"; ma=2592000,h3-Q043=\":443\"; ma=2592000,quic=\":443\"; ma=2592000; v=\"46,43\"","accept-ranges":"none","transfer-encoding":"chunked"}
[debug] [2020-09-09T11:52:35.071Z] >>> HTTP REQUEST POST https://cloudfunctions.googleapis.com/v1/projects/troll-need-gold-02/locations/us-central1/functions:generateUploadUrl  
 
[debug] [2020-09-09T11:52:35.785Z] <<< HTTP RESPONSE 200 {"content-type":"application/json; charset=UTF-8","vary":"X-Origin, Referer, Origin,Accept-Encoding","date":"Wed, 09 Sep 2020 11:52:35 GMT","server":"ESF","cache-control":"private","x-xss-protection":"0","x-frame-options":"SAMEORIGIN","x-content-type-options":"nosniff","alt-svc":"h3-29=\":443\"; ma=2592000,h3-27=\":443\"; ma=2592000,h3-T051=\":443\"; ma=2592000,h3-T050=\":443\"; ma=2592000,h3-Q050=\":443\"; ma=2592000,h3-Q046=\":443\"; ma=2592000,h3-Q043=\":443\"; ma=2592000,quic=\":443\"; ma=2592000; v=\"46,43\"","accept-ranges":"none","transfer-encoding":"chunked"}
[debug] [2020-09-09T11:52:35.786Z] >>> HTTP REQUEST PUT https://storage.googleapis.com/gcf-upload-us-central1-00e7f87a-b859-4222-9742-e60d5e19afdd/e4ce4b1b-0ec8-49e6-8522-c2d1c32cc0b4.zip?GoogleAccessId=service-1034476036518@gcf-admin-robot.iam.gserviceaccount.com&Expires=1599654155&Signature=bGdbnkNAw4osbI1Ko2t8FC%2B8BOAGY5NX4rEyovP9aB%2FnXmVLmIfLdIHTiqfPxp3EP3XauD5%2BAeYTW%2BzizQqmMQSH0hpIeUecPgdDbupzOn3cZLRg41gFrX2DaLUkNWxYvtTuIyzRd%2BcbgF7MEMD%2FdvXqGy8RyV0u0TYmgFaleTf%2Br4chJ%2B38wIxN275ehwm818Kebys9RbaGyqN%2FiWiCRpGnmfeFZ0jJc4krqyKP2%2F7J%2Fu49tbmekYBCciVBmHOAetlS7leDjhJaNZHX6M8D4f%2FVQPoTlrXYQQJJ7yYHcZizzuKMjmqLDvAzfp4QeyP6NKVtmZsIRcGnoMEUGPLqFg%3D%3D  
 <request body omitted>
[debug] [2020-09-09T11:52:36.329Z] <<< HTTP RESPONSE 200 {"x-guploader-uploadid":"ABg5-UzsbOtJNgRw6lXuq3vlpFNfq98LvGRlRJ1r6JqfRFa_6gwiTPD62nevWItBOZgDMaTq_9kBInZWaZWmkRMvTV4","etag":"\"8b1cf91a47b9e5b8a3739beae4e643b2\"","x-goog-generation":"1599652356259530","x-goog-metageneration":"1","x-goog-hash":"crc32c=CqN3xA==, md5=ixz5Gke55bijc5vq5OZDsg==","x-goog-stored-content-length":"40986","x-goog-stored-content-encoding":"identity","vary":"Origin","content-length":"0","date":"Wed, 09 Sep 2020 11:52:36 GMT","server":"UploadServer","content-type":"text/html; charset=UTF-8","alt-svc":"h3-29=\":443\"; ma=2592000,h3-27=\":443\"; ma=2592000,h3-T051=\":443\"; ma=2592000,h3-T050=\":443\"; ma=2592000,h3-Q050=\":443\"; ma=2592000,h3-Q046=\":443\"; ma=2592000,h3-Q043=\":443\"; ma=2592000,quic=\":443\"; ma=2592000; v=\"46,43\""}
[info] ✔  functions: functions folder uploaded successfully 
[info] i  hosting[troll-need-gold-02]: beginning deploy... 
[info] i  hosting[troll-need-gold-02]: found 330 files in build 
[debug] [2020-09-09T11:52:37.646Z] [hosting] hash cache [YnVpbGQ] stored for 330 files
[debug] [2020-09-09T11:52:37.648Z] [hosting][hash queue][FINAL] {"max":1262,"min":16,"avg":107.39696969696972,"active":0,"complete":330,"success":330,"errored":0,"retried":0,"total":330,"elapsed":1273}
[debug] [2020-09-09T11:52:37.648Z] >>> HTTP REQUEST POST https://firebasehosting.googleapis.com/v1beta1/sites/troll-need-gold-02/versions/dc33b20402a0f48e:populateFiles  
 <request body omitted>
[debug] [2020-09-09T11:52:38.794Z] <<< HTTP RESPONSE 200 {"content-type":"application/json; charset=UTF-8","vary":"X-Origin, Referer, Origin,Accept-Encoding","date":"Wed, 09 Sep 2020 11:52:38 GMT","server":"ESF","cache-control":"private","x-xss-protection":"0","x-frame-options":"SAMEORIGIN","x-content-type-options":"nosniff","alt-svc":"h3-Q050=\":443\"; ma=2592000,h3-29=\":443\"; ma=2592000,h3-27=\":443\"; ma=2592000,h3-T051=\":443\"; ma=2592000,h3-T050=\":443\"; ma=2592000,h3-Q046=\":443\"; ma=2592000,h3-Q043=\":443\"; ma=2592000,quic=\":443\"; ma=2592000; v=\"46,43\"","accept-ranges":"none","transfer-encoding":"chunked"}
[debug] [2020-09-09T11:52:38.798Z] [hosting][populate queue][FINAL] {"max":1152,"min":1152,"avg":1152,"active":0,"complete":1,"success":1,"errored":0,"retried":0,"total":1,"elapsed":1155}
[debug] [2020-09-09T11:52:38.799Z] [hosting] uploads queued: 8
[debug] [2020-09-09T11:53:02.817Z] [hosting][upload queue][FINAL] {"max":24022,"min":1307,"avg":5730.75,"active":0,"complete":8,"success":8,"errored":0,"retried":0,"total":8,"elapsed":24022}
[info] ✔  hosting[troll-need-gold-02]: file upload complete 
[debug] [2020-09-09T11:53:02.818Z] [hosting] deploy completed after 26488ms
[debug] [2020-09-09T11:53:02.902Z] [rules] releasing firebase.storage/troll-need-gold-02.appspot.com with ruleset projects/troll-need-gold-02/rulesets/293b8f1b-1b9d-4a04-8f94-14bc018504a6
[debug] [2020-09-09T11:53:02.903Z] >>> HTTP REQUEST PATCH https://firebaserules.googleapis.com/v1/projects/troll-need-gold-02/releases/firebase.storage/troll-need-gold-02.appspot.com  
 {"release":{"name":"projects/troll-need-gold-02/releases/firebase.storage/troll-need-gold-02.appspot.com","rulesetName":"projects/troll-need-gold-02/rulesets/293b8f1b-1b9d-4a04-8f94-14bc018504a6"}}
[debug] [2020-09-09T11:53:03.329Z] <<< HTTP RESPONSE 200 {"content-type":"application/json; charset=UTF-8","vary":"X-Origin, Referer, Origin,Accept-Encoding","date":"Wed, 09 Sep 2020 11:53:03 GMT","server":"ESF","cache-control":"private","x-xss-protection":"0","x-frame-options":"SAMEORIGIN","x-content-type-options":"nosniff","alt-svc":"h3-29=\":443\"; ma=2592000,h3-27=\":443\"; ma=2592000,h3-T051=\":443\"; ma=2592000,h3-T050=\":443\"; ma=2592000,h3-Q050=\":443\"; ma=2592000,h3-Q046=\":443\"; ma=2592000,h3-Q043=\":443\"; ma=2592000,quic=\":443\"; ma=2592000; v=\"46,43\"","accept-ranges":"none","transfer-encoding":"chunked"}
[debug] [2020-09-09T11:53:03.330Z] [rules] updated release projects/troll-need-gold-02/releases/firebase.storage/troll-need-gold-02.appspot.com
[info] ✔  storage: released rules storage.rules to firebase.storage 
[debug] [2020-09-09T11:53:03.330Z] [rules] releasing cloud.firestore with ruleset projects/troll-need-gold-02/rulesets/ec8ec6f5-2e21-47e1-a75c-0ccdc7e7f3a2
[debug] [2020-09-09T11:53:03.330Z] >>> HTTP REQUEST PATCH https://firebaserules.googleapis.com/v1/projects/troll-need-gold-02/releases/cloud.firestore  
 {"release":{"name":"projects/troll-need-gold-02/releases/cloud.firestore","rulesetName":"projects/troll-need-gold-02/rulesets/ec8ec6f5-2e21-47e1-a75c-0ccdc7e7f3a2"}}
[debug] [2020-09-09T11:53:03.692Z] <<< HTTP RESPONSE 200 {"content-type":"application/json; charset=UTF-8","vary":"X-Origin, Referer, Origin,Accept-Encoding","date":"Wed, 09 Sep 2020 11:53:03 GMT","server":"ESF","cache-control":"private","x-xss-protection":"0","x-frame-options":"SAMEORIGIN","x-content-type-options":"nosniff","alt-svc":"h3-29=\":443\"; ma=2592000,h3-27=\":443\"; ma=2592000,h3-T051=\":443\"; ma=2592000,h3-T050=\":443\"; ma=2592000,h3-Q050=\":443\"; ma=2592000,h3-Q046=\":443\"; ma=2592000,h3-Q043=\":443\"; ma=2592000,quic=\":443\"; ma=2592000; v=\"46,43\"","accept-ranges":"none","transfer-encoding":"chunked"}
[debug] [2020-09-09T11:53:03.692Z] [rules] updated release projects/troll-need-gold-02/releases/cloud.firestore
[info] ✔  firestore: released rules firestore.rules to cloud.firestore 
[info] i  functions: updating Node.js 8 (Deprecated) function addFollowing(us-central1)... 
[debug] [2020-09-09T11:53:03.696Z] Trigger is:  {"eventTrigger":{"resource":"projects/troll-need-gold-02/databases/(default)/documents/following/{userUid}/userFollowing/{profileId}","eventType":"providers/cloud.firestore/eventTypes/document.create","service":"firestore.googleapis.com"}}
[info] i  functions: updating Node.js 8 (Deprecated) function removeFollowing(us-central1)... 
[debug] [2020-09-09T11:53:03.697Z] Trigger is:  {"eventTrigger":{"resource":"projects/troll-need-gold-02/databases/(default)/documents/following/{userUid}/userFollowing/{profileId}","eventType":"providers/cloud.firestore/eventTypes/document.delete","service":"firestore.googleapis.com"}}
[info] i  functions: updating Node.js 8 (Deprecated) function eventUpdated(us-central1)... 
[debug] [2020-09-09T11:53:03.697Z] Trigger is:  {"eventTrigger":{"resource":"projects/troll-need-gold-02/databases/(default)/documents/events/{eventId}","eventType":"providers/cloud.firestore/eventTypes/document.update","service":"firestore.googleapis.com"}}
[debug] [2020-09-09T11:53:03.699Z] >>> HTTP REQUEST PATCH https://cloudfunctions.googleapis.com/v1/projects/troll-need-gold-02/locations/us-central1/functions/addFollowing {"updateMask":"sourceUploadUrl,name,labels,runtime,environmentVariables,eventTrigger.resource,eventTrigger.eventType,eventTrigger.service"} 
 {"sourceUploadUrl":"https://storage.googleapis.com/gcf-upload-us-central1-00e7f87a-b859-4222-9742-e60d5e19afdd/e4ce4b1b-0ec8-49e6-8522-c2d1c32cc0b4.zip?GoogleAccessId=service-1034476036518@gcf-admin-robot.iam.gserviceaccount.com&Expires=1599654155&Signature=bGdbnkNAw4osbI1Ko2t8FC%2B8BOAGY5NX4rEyovP9aB%2FnXmVLmIfLdIHTiqfPxp3EP3XauD5%2BAeYTW%2BzizQqmMQSH0hpIeUecPgdDbupzOn3cZLRg41gFrX2DaLUkNWxYvtTuIyzRd%2BcbgF7MEMD%2FdvXqGy8RyV0u0TYmgFaleTf%2Br4chJ%2B38wIxN275ehwm818Kebys9RbaGyqN%2FiWiCRpGnmfeFZ0jJc4krqyKP2%2F7J%2Fu49tbmekYBCciVBmHOAetlS7leDjhJaNZHX6M8D4f%2FVQPoTlrXYQQJJ7yYHcZizzuKMjmqLDvAzfp4QeyP6NKVtmZsIRcGnoMEUGPLqFg%3D%3D","name":"projects/troll-need-gold-02/locations/us-central1/functions/addFollowing","labels":{"deployment-tool":"cli-firebase"},"eventTrigger":{"resource":"projects/troll-need-gold-02/databases/(default)/documents/following/{userUid}/userFollowing/{profileId}","eventType":"providers/cloud.firestore/eventTypes/document.create","service":"firestore.googleapis.com"},"runtime":"nodejs8","environmentVariables":{"FIREBASE_CONFIG":"{\"projectId\":\"troll-need-gold-02\",\"databaseURL\":\"https://troll-need-gold-02.firebaseio.com\",\"storageBucket\":\"troll-need-gold-02.appspot.com\",\"locationId\":\"us-east1\"}"}}
[debug] [2020-09-09T11:53:03.700Z] >>> HTTP REQUEST PATCH https://cloudfunctions.googleapis.com/v1/projects/troll-need-gold-02/locations/us-central1/functions/removeFollowing {"updateMask":"sourceUploadUrl,name,labels,runtime,environmentVariables,eventTrigger.resource,eventTrigger.eventType,eventTrigger.service"} 
 {"sourceUploadUrl":"https://storage.googleapis.com/gcf-upload-us-central1-00e7f87a-b859-4222-9742-e60d5e19afdd/e4ce4b1b-0ec8-49e6-8522-c2d1c32cc0b4.zip?GoogleAccessId=service-1034476036518@gcf-admin-robot.iam.gserviceaccount.com&Expires=1599654155&Signature=bGdbnkNAw4osbI1Ko2t8FC%2B8BOAGY5NX4rEyovP9aB%2FnXmVLmIfLdIHTiqfPxp3EP3XauD5%2BAeYTW%2BzizQqmMQSH0hpIeUecPgdDbupzOn3cZLRg41gFrX2DaLUkNWxYvtTuIyzRd%2BcbgF7MEMD%2FdvXqGy8RyV0u0TYmgFaleTf%2Br4chJ%2B38wIxN275ehwm818Kebys9RbaGyqN%2FiWiCRpGnmfeFZ0jJc4krqyKP2%2F7J%2Fu49tbmekYBCciVBmHOAetlS7leDjhJaNZHX6M8D4f%2FVQPoTlrXYQQJJ7yYHcZizzuKMjmqLDvAzfp4QeyP6NKVtmZsIRcGnoMEUGPLqFg%3D%3D","name":"projects/troll-need-gold-02/locations/us-central1/functions/removeFollowing","labels":{"deployment-tool":"cli-firebase"},"eventTrigger":{"resource":"projects/troll-need-gold-02/databases/(default)/documents/following/{userUid}/userFollowing/{profileId}","eventType":"providers/cloud.firestore/eventTypes/document.delete","service":"firestore.googleapis.com"},"runtime":"nodejs8","environmentVariables":{"FIREBASE_CONFIG":"{\"projectId\":\"troll-need-gold-02\",\"databaseURL\":\"https://troll-need-gold-02.firebaseio.com\",\"storageBucket\":\"troll-need-gold-02.appspot.com\",\"locationId\":\"us-east1\"}"}}
[debug] [2020-09-09T11:53:03.700Z] >>> HTTP REQUEST PATCH https://cloudfunctions.googleapis.com/v1/projects/troll-need-gold-02/locations/us-central1/functions/eventUpdated {"updateMask":"sourceUploadUrl,name,labels,runtime,environmentVariables,eventTrigger.resource,eventTrigger.eventType,eventTrigger.service"} 
 {"sourceUploadUrl":"https://storage.googleapis.com/gcf-upload-us-central1-00e7f87a-b859-4222-9742-e60d5e19afdd/e4ce4b1b-0ec8-49e6-8522-c2d1c32cc0b4.zip?GoogleAccessId=service-1034476036518@gcf-admin-robot.iam.gserviceaccount.com&Expires=1599654155&Signature=bGdbnkNAw4osbI1Ko2t8FC%2B8BOAGY5NX4rEyovP9aB%2FnXmVLmIfLdIHTiqfPxp3EP3XauD5%2BAeYTW%2BzizQqmMQSH0hpIeUecPgdDbupzOn3cZLRg41gFrX2DaLUkNWxYvtTuIyzRd%2BcbgF7MEMD%2FdvXqGy8RyV0u0TYmgFaleTf%2Br4chJ%2B38wIxN275ehwm818Kebys9RbaGyqN%2FiWiCRpGnmfeFZ0jJc4krqyKP2%2F7J%2Fu49tbmekYBCciVBmHOAetlS7leDjhJaNZHX6M8D4f%2FVQPoTlrXYQQJJ7yYHcZizzuKMjmqLDvAzfp4QeyP6NKVtmZsIRcGnoMEUGPLqFg%3D%3D","name":"projects/troll-need-gold-02/locations/us-central1/functions/eventUpdated","labels":{"deployment-tool":"cli-firebase"},"eventTrigger":{"resource":"projects/troll-need-gold-02/databases/(default)/documents/events/{eventId}","eventType":"providers/cloud.firestore/eventTypes/document.update","service":"firestore.googleapis.com"},"runtime":"nodejs8","environmentVariables":{"FIREBASE_CONFIG":"{\"projectId\":\"troll-need-gold-02\",\"databaseURL\":\"https://troll-need-gold-02.firebaseio.com\",\"storageBucket\":\"troll-need-gold-02.appspot.com\",\"locationId\":\"us-east1\"}"}}
[debug] [2020-09-09T11:53:04.824Z] <<< HTTP RESPONSE 200 {"content-type":"application/json; charset=UTF-8","vary":"X-Origin, Referer, Origin,Accept-Encoding","date":"Wed, 09 Sep 2020 11:53:04 GMT","server":"ESF","cache-control":"private","x-xss-protection":"0","x-frame-options":"SAMEORIGIN","x-content-type-options":"nosniff","alt-svc":"h3-29=\":443\"; ma=2592000,h3-27=\":443\"; ma=2592000,h3-T051=\":443\"; ma=2592000,h3-T050=\":443\"; ma=2592000,h3-Q050=\":443\"; ma=2592000,h3-Q046=\":443\"; ma=2592000,h3-Q043=\":443\"; ma=2592000,quic=\":443\"; ma=2592000; v=\"46,43\"","accept-ranges":"none","transfer-encoding":"chunked"}
[debug] [2020-09-09T11:53:05.006Z] <<< HTTP RESPONSE 200 {"content-type":"application/json; charset=UTF-8","vary":"X-Origin, Referer, Origin,Accept-Encoding","date":"Wed, 09 Sep 2020 11:53:04 GMT","server":"ESF","cache-control":"private","x-xss-protection":"0","x-frame-options":"SAMEORIGIN","x-content-type-options":"nosniff","alt-svc":"h3-29=\":443\"; ma=2592000,h3-27=\":443\"; ma=2592000,h3-T051=\":443\"; ma=2592000,h3-T050=\":443\"; ma=2592000,h3-Q050=\":443\"; ma=2592000,h3-Q046=\":443\"; ma=2592000,h3-Q043=\":443\"; ma=2592000,quic=\":443\"; ma=2592000; v=\"46,43\"","accept-ranges":"none","transfer-encoding":"chunked"}
[debug] [2020-09-09T11:53:05.008Z] <<< HTTP RESPONSE 200 {"content-type":"application/json; charset=UTF-8","vary":"X-Origin, Referer, Origin,Accept-Encoding","date":"Wed, 09 Sep 2020 11:53:04 GMT","server":"ESF","cache-control":"private","x-xss-protection":"0","x-frame-options":"SAMEORIGIN","x-content-type-options":"nosniff","alt-svc":"h3-29=\":443\"; ma=2592000,h3-27=\":443\"; ma=2592000,h3-T051=\":443\"; ma=2592000,h3-T050=\":443\"; ma=2592000,h3-Q050=\":443\"; ma=2592000,h3-Q046=\":443\"; ma=2592000,h3-Q043=\":443\"; ma=2592000,quic=\":443\"; ma=2592000; v=\"46,43\"","accept-ranges":"none","transfer-encoding":"chunked"}
[debug] [2020-09-09T11:53:05.009Z] >>> HTTP REQUEST GET https://cloudfunctions.googleapis.com/v1/operations/dHJvbGwtbmVlZC1nb2xkLTAyL3VzLWNlbnRyYWwxL2FkZEZvbGxvd2luZy9kbUp4Unh2aXYyQQ  
 
[debug] [2020-09-09T11:53:05.010Z] >>> HTTP REQUEST GET https://cloudfunctions.googleapis.com/v1/operations/dHJvbGwtbmVlZC1nb2xkLTAyL3VzLWNlbnRyYWwxL3JlbW92ZUZvbGxvd2luZy8yY1M1ZERlLWozZw  
 
[debug] [2020-09-09T11:53:05.010Z] >>> HTTP REQUEST GET https://cloudfunctions.googleapis.com/v1/operations/dHJvbGwtbmVlZC1nb2xkLTAyL3VzLWNlbnRyYWwxL2V2ZW50VXBkYXRlZC9WNFpfMVoxNW1HVQ  
 
[debug] [2020-09-09T11:53:05.285Z] <<< HTTP RESPONSE 200 {"content-type":"application/json; charset=UTF-8","vary":"X-Origin, Referer, Origin,Accept-Encoding","date":"Wed, 09 Sep 2020 11:53:05 GMT","server":"ESF","cache-control":"private","x-xss-protection":"0","x-frame-options":"SAMEORIGIN","x-content-type-options":"nosniff","alt-svc":"h3-29=\":443\"; ma=2592000,h3-27=\":443\"; ma=2592000,h3-T051=\":443\"; ma=2592000,h3-T050=\":443\"; ma=2592000,h3-Q050=\":443\"; ma=2592000,h3-Q046=\":443\"; ma=2592000,h3-Q043=\":443\"; ma=2592000,quic=\":443\"; ma=2592000; v=\"46,43\"","accept-ranges":"none","transfer-encoding":"chunked"}
[debug] [2020-09-09T11:53:05.352Z] <<< HTTP RESPONSE 200 {"content-type":"application/json; charset=UTF-8","vary":"X-Origin, Referer, Origin,Accept-Encoding","date":"Wed, 09 Sep 2020 11:53:05 GMT","server":"ESF","cache-control":"private","x-xss-protection":"0","x-frame-options":"SAMEORIGIN","x-content-type-options":"nosniff","alt-svc":"h3-29=\":443\"; ma=2592000,h3-27=\":443\"; ma=2592000,h3-T051=\":443\"; ma=2592000,h3-T050=\":443\"; ma=2592000,h3-Q050=\":443\"; ma=2592000,h3-Q046=\":443\"; ma=2592000,h3-Q043=\":443\"; ma=2592000,quic=\":443\"; ma=2592000; v=\"46,43\"","accept-ranges":"none","transfer-encoding":"chunked"}
[debug] [2020-09-09T11:53:05.386Z] <<< HTTP RESPONSE 200 {"content-type":"application/json; charset=UTF-8","vary":"X-Origin, Referer, Origin,Accept-Encoding","date":"Wed, 09 Sep 2020 11:53:05 GMT","server":"ESF","cache-control":"private","x-xss-protection":"0","x-frame-options":"SAMEORIGIN","x-content-type-options":"nosniff","alt-svc":"h3-29=\":443\"; ma=2592000,h3-27=\":443\"; ma=2592000,h3-T051=\":443\"; ma=2592000,h3-T050=\":443\"; ma=2592000,h3-Q050=\":443\"; ma=2592000,h3-Q046=\":443\"; ma=2592000,h3-Q043=\":443\"; ma=2592000,quic=\":443\"; ma=2592000; v=\"46,43\"","accept-ranges":"none","transfer-encoding":"chunked"}
[debug] [2020-09-09T11:53:07.291Z] >>> HTTP REQUEST GET https://cloudfunctions.googleapis.com/v1/operations/dHJvbGwtbmVlZC1nb2xkLTAyL3VzLWNlbnRyYWwxL3JlbW92ZUZvbGxvd2luZy8yY1M1ZERlLWozZw  
 
[debug] [2020-09-09T11:53:07.355Z] >>> HTTP REQUEST GET https://cloudfunctions.googleapis.com/v1/operations/dHJvbGwtbmVlZC1nb2xkLTAyL3VzLWNlbnRyYWwxL2V2ZW50VXBkYXRlZC9WNFpfMVoxNW1HVQ  
 
[debug] [2020-09-09T11:53:07.388Z] >>> HTTP REQUEST GET https://cloudfunctions.googleapis.com/v1/operations/dHJvbGwtbmVlZC1nb2xkLTAyL3VzLWNlbnRyYWwxL2FkZEZvbGxvd2luZy9kbUp4Unh2aXYyQQ  
 
[debug] [2020-09-09T11:53:07.509Z] <<< HTTP RESPONSE 200 {"content-type":"application/json; charset=UTF-8","vary":"X-Origin, Referer, Origin,Accept-Encoding","date":"Wed, 09 Sep 2020 11:53:07 GMT","server":"ESF","cache-control":"private","x-xss-protection":"0","x-frame-options":"SAMEORIGIN","x-content-type-options":"nosniff","alt-svc":"h3-29=\":443\"; ma=2592000,h3-27=\":443\"; ma=2592000,h3-T051=\":443\"; ma=2592000,h3-T050=\":443\"; ma=2592000,h3-Q050=\":443\"; ma=2592000,h3-Q046=\":443\"; ma=2592000,h3-Q043=\":443\"; ma=2592000,quic=\":443\"; ma=2592000; v=\"46,43\"","accept-ranges":"none","transfer-encoding":"chunked"}
[debug] [2020-09-09T11:53:07.553Z] <<< HTTP RESPONSE 200 {"content-type":"application/json; charset=UTF-8","vary":"X-Origin, Referer, Origin,Accept-Encoding","date":"Wed, 09 Sep 2020 11:53:07 GMT","server":"ESF","cache-control":"private","x-xss-protection":"0","x-frame-options":"SAMEORIGIN","x-content-type-options":"nosniff","alt-svc":"h3-29=\":443\"; ma=2592000,h3-27=\":443\"; ma=2592000,h3-T051=\":443\"; ma=2592000,h3-T050=\":443\"; ma=2592000,h3-Q050=\":443\"; ma=2592000,h3-Q046=\":443\"; ma=2592000,h3-Q043=\":443\"; ma=2592000,quic=\":443\"; ma=2592000; v=\"46,43\"","accept-ranges":"none","transfer-encoding":"chunked"}
[debug] [2020-09-09T11:53:07.672Z] <<< HTTP RESPONSE 200 {"content-type":"application/json; charset=UTF-8","vary":"X-Origin, Referer, Origin,Accept-Encoding","date":"Wed, 09 Sep 2020 11:53:07 GMT","server":"ESF","cache-control":"private","x-xss-protection":"0","x-frame-options":"SAMEORIGIN","x-content-type-options":"nosniff","alt-svc":"h3-29=\":443\"; ma=2592000,h3-27=\":443\"; ma=2592000,h3-T051=\":443\"; ma=2592000,h3-T050=\":443\"; ma=2592000,h3-Q050=\":443\"; ma=2592000,h3-Q046=\":443\"; ma=2592000,h3-Q043=\":443\"; ma=2592000,quic=\":443\"; ma=2592000; v=\"46,43\"","accept-ranges":"none","transfer-encoding":"chunked"}
[debug] [2020-09-09T11:53:09.514Z] >>> HTTP REQUEST GET https://cloudfunctions.googleapis.com/v1/operations/dHJvbGwtbmVlZC1nb2xkLTAyL3VzLWNlbnRyYWwxL3JlbW92ZUZvbGxvd2luZy8yY1M1ZERlLWozZw  
 
[debug] [2020-09-09T11:53:09.557Z] >>> HTTP REQUEST GET https://cloudfunctions.googleapis.com/v1/operations/dHJvbGwtbmVlZC1nb2xkLTAyL3VzLWNlbnRyYWwxL2V2ZW50VXBkYXRlZC9WNFpfMVoxNW1HVQ  
 
[debug] [2020-09-09T11:53:09.679Z] >>> HTTP REQUEST GET https://cloudfunctions.googleapis.com/v1/operations/dHJvbGwtbmVlZC1nb2xkLTAyL3VzLWNlbnRyYWwxL2FkZEZvbGxvd2luZy9kbUp4Unh2aXYyQQ  
 
[debug] [2020-09-09T11:53:09.747Z] <<< HTTP RESPONSE 200 {"content-type":"application/json; charset=UTF-8","vary":"X-Origin, Referer, Origin,Accept-Encoding","date":"Wed, 09 Sep 2020 11:53:09 GMT","server":"ESF","cache-control":"private","x-xss-protection":"0","x-frame-options":"SAMEORIGIN","x-content-type-options":"nosniff","alt-svc":"h3-29=\":443\"; ma=2592000,h3-27=\":443\"; ma=2592000,h3-T051=\":443\"; ma=2592000,h3-T050=\":443\"; ma=2592000,h3-Q050=\":443\"; ma=2592000,h3-Q046=\":443\"; ma=2592000,h3-Q043=\":443\"; ma=2592000,quic=\":443\"; ma=2592000; v=\"46,43\"","accept-ranges":"none","transfer-encoding":"chunked"}
[debug] [2020-09-09T11:53:09.779Z] <<< HTTP RESPONSE 200 {"content-type":"application/json; charset=UTF-8","vary":"X-Origin, Referer, Origin,Accept-Encoding","date":"Wed, 09 Sep 2020 11:53:09 GMT","server":"ESF","cache-control":"private","x-xss-protection":"0","x-frame-options":"SAMEORIGIN","x-content-type-options":"nosniff","alt-svc":"h3-29=\":443\"; ma=2592000,h3-27=\":443\"; ma=2592000,h3-T051=\":443\"; ma=2592000,h3-T050=\":443\"; ma=2592000,h3-Q050=\":443\"; ma=2592000,h3-Q046=\":443\"; ma=2592000,h3-Q043=\":443\"; ma=2592000,quic=\":443\"; ma=2592000; v=\"46,43\"","accept-ranges":"none","transfer-encoding":"chunked"}
[debug] [2020-09-09T11:53:09.908Z] <<< HTTP RESPONSE 200 {"content-type":"application/json; charset=UTF-8","vary":"X-Origin, Referer, Origin,Accept-Encoding","date":"Wed, 09 Sep 2020 11:53:09 GMT","server":"ESF","cache-control":"private","x-xss-protection":"0","x-frame-options":"SAMEORIGIN","x-content-type-options":"nosniff","alt-svc":"h3-29=\":443\"; ma=2592000,h3-27=\":443\"; ma=2592000,h3-T051=\":443\"; ma=2592000,h3-T050=\":443\"; ma=2592000,h3-Q050=\":443\"; ma=2592000,h3-Q046=\":443\"; ma=2592000,h3-Q043=\":443\"; ma=2592000,quic=\":443\"; ma=2592000; v=\"46,43\"","accept-ranges":"none","transfer-encoding":"chunked"}
[debug] [2020-09-09T11:53:11.751Z] >>> HTTP REQUEST GET https://cloudfunctions.googleapis.com/v1/operations/dHJvbGwtbmVlZC1nb2xkLTAyL3VzLWNlbnRyYWwxL2V2ZW50VXBkYXRlZC9WNFpfMVoxNW1HVQ  
 
[debug] [2020-09-09T11:53:11.780Z] >>> HTTP REQUEST GET https://cloudfunctions.googleapis.com/v1/operations/dHJvbGwtbmVlZC1nb2xkLTAyL3VzLWNlbnRyYWwxL3JlbW92ZUZvbGxvd2luZy8yY1M1ZERlLWozZw  
 
[debug] [2020-09-09T11:53:11.909Z] >>> HTTP REQUEST GET https://cloudfunctions.googleapis.com/v1/operations/dHJvbGwtbmVlZC1nb2xkLTAyL3VzLWNlbnRyYWwxL2FkZEZvbGxvd2luZy9kbUp4Unh2aXYyQQ  
 
[debug] [2020-09-09T11:53:11.944Z] <<< HTTP RESPONSE 200 {"content-type":"application/json; charset=UTF-8","vary":"X-Origin, Referer, Origin,Accept-Encoding","date":"Wed, 09 Sep 2020 11:53:11 GMT","server":"ESF","cache-control":"private","x-xss-protection":"0","x-frame-options":"SAMEORIGIN","x-content-type-options":"nosniff","alt-svc":"h3-29=\":443\"; ma=2592000,h3-27=\":443\"; ma=2592000,h3-T051=\":443\"; ma=2592000,h3-T050=\":443\"; ma=2592000,h3-Q050=\":443\"; ma=2592000,h3-Q046=\":443\"; ma=2592000,h3-Q043=\":443\"; ma=2592000,quic=\":443\"; ma=2592000; v=\"46,43\"","accept-ranges":"none","transfer-encoding":"chunked"}
[debug] [2020-09-09T11:53:11.976Z] <<< HTTP RESPONSE 200 {"content-type":"application/json; charset=UTF-8","vary":"X-Origin, Referer, Origin,Accept-Encoding","date":"Wed, 09 Sep 2020 11:53:11 GMT","server":"ESF","cache-control":"private","x-xss-protection":"0","x-frame-options":"SAMEORIGIN","x-content-type-options":"nosniff","alt-svc":"h3-29=\":443\"; ma=2592000,h3-27=\":443\"; ma=2592000,h3-T051=\":443\"; ma=2592000,h3-T050=\":443\"; ma=2592000,h3-Q050=\":443\"; ma=2592000,h3-Q046=\":443\"; ma=2592000,h3-Q043=\":443\"; ma=2592000,quic=\":443\"; ma=2592000; v=\"46,43\"","accept-ranges":"none","transfer-encoding":"chunked"}
[debug] [2020-09-09T11:53:12.133Z] <<< HTTP RESPONSE 200 {"content-type":"application/json; charset=UTF-8","vary":"X-Origin, Referer, Origin,Accept-Encoding","date":"Wed, 09 Sep 2020 11:53:12 GMT","server":"ESF","cache-control":"private","x-xss-protection":"0","x-frame-options":"SAMEORIGIN","x-content-type-options":"nosniff","alt-svc":"h3-29=\":443\"; ma=2592000,h3-27=\":443\"; ma=2592000,h3-T051=\":443\"; ma=2592000,h3-T050=\":443\"; ma=2592000,h3-Q050=\":443\"; ma=2592000,h3-Q046=\":443\"; ma=2592000,h3-Q043=\":443\"; ma=2592000,quic=\":443\"; ma=2592000; v=\"46,43\"","accept-ranges":"none","transfer-encoding":"chunked"}
[debug] [2020-09-09T11:53:13.947Z] >>> HTTP REQUEST GET https://cloudfunctions.googleapis.com/v1/operations/dHJvbGwtbmVlZC1nb2xkLTAyL3VzLWNlbnRyYWwxL2V2ZW50VXBkYXRlZC9WNFpfMVoxNW1HVQ  
 
[debug] [2020-09-09T11:53:13.977Z] >>> HTTP REQUEST GET https://cloudfunctions.googleapis.com/v1/operations/dHJvbGwtbmVlZC1nb2xkLTAyL3VzLWNlbnRyYWwxL3JlbW92ZUZvbGxvd2luZy8yY1M1ZERlLWozZw  
 
[debug] [2020-09-09T11:53:14.137Z] >>> HTTP REQUEST GET https://cloudfunctions.googleapis.com/v1/operations/dHJvbGwtbmVlZC1nb2xkLTAyL3VzLWNlbnRyYWwxL2FkZEZvbGxvd2luZy9kbUp4Unh2aXYyQQ  
 
[debug] [2020-09-09T11:53:14.182Z] <<< HTTP RESPONSE 200 {"content-type":"application/json; charset=UTF-8","vary":"X-Origin, Referer, Origin,Accept-Encoding","date":"Wed, 09 Sep 2020 11:53:14 GMT","server":"ESF","cache-control":"private","x-xss-protection":"0","x-frame-options":"SAMEORIGIN","x-content-type-options":"nosniff","alt-svc":"h3-29=\":443\"; ma=2592000,h3-27=\":443\"; ma=2592000,h3-T051=\":443\"; ma=2592000,h3-T050=\":443\"; ma=2592000,h3-Q050=\":443\"; ma=2592000,h3-Q046=\":443\"; ma=2592000,h3-Q043=\":443\"; ma=2592000,quic=\":443\"; ma=2592000; v=\"46,43\"","accept-ranges":"none","transfer-encoding":"chunked"}
[debug] [2020-09-09T11:53:14.247Z] <<< HTTP RESPONSE 200 {"content-type":"application/json; charset=UTF-8","vary":"X-Origin, Referer, Origin,Accept-Encoding","date":"Wed, 09 Sep 2020 11:53:14 GMT","server":"ESF","cache-control":"private","x-xss-protection":"0","x-frame-options":"SAMEORIGIN","x-content-type-options":"nosniff","alt-svc":"h3-29=\":443\"; ma=2592000,h3-27=\":443\"; ma=2592000,h3-T051=\":443\"; ma=2592000,h3-T050=\":443\"; ma=2592000,h3-Q050=\":443\"; ma=2592000,h3-Q046=\":443\"; ma=2592000,h3-Q043=\":443\"; ma=2592000,quic=\":443\"; ma=2592000; v=\"46,43\"","accept-ranges":"none","transfer-encoding":"chunked"}
[debug] [2020-09-09T11:53:14.335Z] <<< HTTP RESPONSE 200 {"content-type":"application/json; charset=UTF-8","vary":"X-Origin, Referer, Origin,Accept-Encoding","date":"Wed, 09 Sep 2020 11:53:14 GMT","server":"ESF","cache-control":"private","x-xss-protection":"0","x-frame-options":"SAMEORIGIN","x-content-type-options":"nosniff","alt-svc":"h3-29=\":443\"; ma=2592000,h3-27=\":443\"; ma=2592000,h3-T051=\":443\"; ma=2592000,h3-T050=\":443\"; ma=2592000,h3-Q050=\":443\"; ma=2592000,h3-Q046=\":443\"; ma=2592000,h3-Q043=\":443\"; ma=2592000,quic=\":443\"; ma=2592000; v=\"46,43\"","accept-ranges":"none","transfer-encoding":"chunked"}
[debug] [2020-09-09T11:53:16.184Z] >>> HTTP REQUEST GET https://cloudfunctions.googleapis.com/v1/operations/dHJvbGwtbmVlZC1nb2xkLTAyL3VzLWNlbnRyYWwxL2V2ZW50VXBkYXRlZC9WNFpfMVoxNW1HVQ  
 
[debug] [2020-09-09T11:53:16.248Z] >>> HTTP REQUEST GET https://cloudfunctions.googleapis.com/v1/operations/dHJvbGwtbmVlZC1nb2xkLTAyL3VzLWNlbnRyYWwxL3JlbW92ZUZvbGxvd2luZy8yY1M1ZERlLWozZw  
 
[debug] [2020-09-09T11:53:16.341Z] >>> HTTP REQUEST GET https://cloudfunctions.googleapis.com/v1/operations/dHJvbGwtbmVlZC1nb2xkLTAyL3VzLWNlbnRyYWwxL2FkZEZvbGxvd2luZy9kbUp4Unh2aXYyQQ  
 
[debug] [2020-09-09T11:53:16.405Z] <<< HTTP RESPONSE 200 {"content-type":"application/json; charset=UTF-8","vary":"X-Origin, Referer, Origin,Accept-Encoding","date":"Wed, 09 Sep 2020 11:53:16 GMT","server":"ESF","cache-control":"private","x-xss-protection":"0","x-frame-options":"SAMEORIGIN","x-content-type-options":"nosniff","alt-svc":"h3-29=\":443\"; ma=2592000,h3-27=\":443\"; ma=2592000,h3-T051=\":443\"; ma=2592000,h3-T050=\":443\"; ma=2592000,h3-Q050=\":443\"; ma=2592000,h3-Q046=\":443\"; ma=2592000,h3-Q043=\":443\"; ma=2592000,quic=\":443\"; ma=2592000; v=\"46,43\"","accept-ranges":"none","transfer-encoding":"chunked"}
[debug] [2020-09-09T11:53:16.462Z] <<< HTTP RESPONSE 200 {"content-type":"application/json; charset=UTF-8","vary":"X-Origin, Referer, Origin,Accept-Encoding","date":"Wed, 09 Sep 2020 11:53:16 GMT","server":"ESF","cache-control":"private","x-xss-protection":"0","x-frame-options":"SAMEORIGIN","x-content-type-options":"nosniff","alt-svc":"h3-29=\":443\"; ma=2592000,h3-27=\":443\"; ma=2592000,h3-T051=\":443\"; ma=2592000,h3-T050=\":443\"; ma=2592000,h3-Q050=\":443\"; ma=2592000,h3-Q046=\":443\"; ma=2592000,h3-Q043=\":443\"; ma=2592000,quic=\":443\"; ma=2592000; v=\"46,43\"","accept-ranges":"none","transfer-encoding":"chunked"}
[debug] [2020-09-09T11:53:16.576Z] <<< HTTP RESPONSE 200 {"content-type":"application/json; charset=UTF-8","vary":"X-Origin, Referer, Origin,Accept-Encoding","date":"Wed, 09 Sep 2020 11:53:16 GMT","server":"ESF","cache-control":"private","x-xss-protection":"0","x-frame-options":"SAMEORIGIN","x-content-type-options":"nosniff","alt-svc":"h3-29=\":443\"; ma=2592000,h3-27=\":443\"; ma=2592000,h3-T051=\":443\"; ma=2592000,h3-T050=\":443\"; ma=2592000,h3-Q050=\":443\"; ma=2592000,h3-Q046=\":443\"; ma=2592000,h3-Q043=\":443\"; ma=2592000,quic=\":443\"; ma=2592000; v=\"46,43\"","accept-ranges":"none","transfer-encoding":"chunked"}
[debug] [2020-09-09T11:53:18.410Z] >>> HTTP REQUEST GET https://cloudfunctions.googleapis.com/v1/operations/dHJvbGwtbmVlZC1nb2xkLTAyL3VzLWNlbnRyYWwxL2V2ZW50VXBkYXRlZC9WNFpfMVoxNW1HVQ  
 
[debug] [2020-09-09T11:53:18.467Z] >>> HTTP REQUEST GET https://cloudfunctions.googleapis.com/v1/operations/dHJvbGwtbmVlZC1nb2xkLTAyL3VzLWNlbnRyYWwxL3JlbW92ZUZvbGxvd2luZy8yY1M1ZERlLWozZw  
 
[debug] [2020-09-09T11:53:18.577Z] >>> HTTP REQUEST GET https://cloudfunctions.googleapis.com/v1/operations/dHJvbGwtbmVlZC1nb2xkLTAyL3VzLWNlbnRyYWwxL2FkZEZvbGxvd2luZy9kbUp4Unh2aXYyQQ  
 
[debug] [2020-09-09T11:53:18.631Z] <<< HTTP RESPONSE 200 {"content-type":"application/json; charset=UTF-8","vary":"X-Origin, Referer, Origin,Accept-Encoding","date":"Wed, 09 Sep 2020 11:53:18 GMT","server":"ESF","cache-control":"private","x-xss-protection":"0","x-frame-options":"SAMEORIGIN","x-content-type-options":"nosniff","alt-svc":"h3-29=\":443\"; ma=2592000,h3-27=\":443\"; ma=2592000,h3-T051=\":443\"; ma=2592000,h3-T050=\":443\"; ma=2592000,h3-Q050=\":443\"; ma=2592000,h3-Q046=\":443\"; ma=2592000,h3-Q043=\":443\"; ma=2592000,quic=\":443\"; ma=2592000; v=\"46,43\"","accept-ranges":"none","transfer-encoding":"chunked"}
[debug] [2020-09-09T11:53:18.693Z] <<< HTTP RESPONSE 200 {"content-type":"application/json; charset=UTF-8","vary":"X-Origin, Referer, Origin,Accept-Encoding","date":"Wed, 09 Sep 2020 11:53:18 GMT","server":"ESF","cache-control":"private","x-xss-protection":"0","x-frame-options":"SAMEORIGIN","x-content-type-options":"nosniff","alt-svc":"h3-29=\":443\"; ma=2592000,h3-27=\":443\"; ma=2592000,h3-T051=\":443\"; ma=2592000,h3-T050=\":443\"; ma=2592000,h3-Q050=\":443\"; ma=2592000,h3-Q046=\":443\"; ma=2592000,h3-Q043=\":443\"; ma=2592000,quic=\":443\"; ma=2592000; v=\"46,43\"","accept-ranges":"none","transfer-encoding":"chunked"}
[debug] [2020-09-09T11:53:18.792Z] <<< HTTP RESPONSE 200 {"content-type":"application/json; charset=UTF-8","vary":"X-Origin, Referer, Origin,Accept-Encoding","date":"Wed, 09 Sep 2020 11:53:18 GMT","server":"ESF","cache-control":"private","x-xss-protection":"0","x-frame-options":"SAMEORIGIN","x-content-type-options":"nosniff","alt-svc":"h3-29=\":443\"; ma=2592000,h3-27=\":443\"; ma=2592000,h3-T051=\":443\"; ma=2592000,h3-T050=\":443\"; ma=2592000,h3-Q050=\":443\"; ma=2592000,h3-Q046=\":443\"; ma=2592000,h3-Q043=\":443\"; ma=2592000,quic=\":443\"; ma=2592000; v=\"46,43\"","accept-ranges":"none","transfer-encoding":"chunked"}
[debug] [2020-09-09T11:53:20.636Z] >>> HTTP REQUEST GET https://cloudfunctions.googleapis.com/v1/operations/dHJvbGwtbmVlZC1nb2xkLTAyL3VzLWNlbnRyYWwxL2V2ZW50VXBkYXRlZC9WNFpfMVoxNW1HVQ  
 
[debug] [2020-09-09T11:53:20.694Z] >>> HTTP REQUEST GET https://cloudfunctions.googleapis.com/v1/operations/dHJvbGwtbmVlZC1nb2xkLTAyL3VzLWNlbnRyYWwxL3JlbW92ZUZvbGxvd2luZy8yY1M1ZERlLWozZw  
 
[debug] [2020-09-09T11:53:20.796Z] >>> HTTP REQUEST GET https://cloudfunctions.googleapis.com/v1/operations/dHJvbGwtbmVlZC1nb2xkLTAyL3VzLWNlbnRyYWwxL2FkZEZvbGxvd2luZy9kbUp4Unh2aXYyQQ  
 
[debug] [2020-09-09T11:53:20.839Z] <<< HTTP RESPONSE 200 {"content-type":"application/json; charset=UTF-8","vary":"X-Origin, Referer, Origin,Accept-Encoding","date":"Wed, 09 Sep 2020 11:53:20 GMT","server":"ESF","cache-control":"private","x-xss-protection":"0","x-frame-options":"SAMEORIGIN","x-content-type-options":"nosniff","alt-svc":"h3-29=\":443\"; ma=2592000,h3-27=\":443\"; ma=2592000,h3-T051=\":443\"; ma=2592000,h3-T050=\":443\"; ma=2592000,h3-Q050=\":443\"; ma=2592000,h3-Q046=\":443\"; ma=2592000,h3-Q043=\":443\"; ma=2592000,quic=\":443\"; ma=2592000; v=\"46,43\"","accept-ranges":"none","transfer-encoding":"chunked"}
[debug] [2020-09-09T11:53:20.892Z] <<< HTTP RESPONSE 200 {"content-type":"application/json; charset=UTF-8","vary":"X-Origin, Referer, Origin,Accept-Encoding","date":"Wed, 09 Sep 2020 11:53:20 GMT","server":"ESF","cache-control":"private","x-xss-protection":"0","x-frame-options":"SAMEORIGIN","x-content-type-options":"nosniff","alt-svc":"h3-29=\":443\"; ma=2592000,h3-27=\":443\"; ma=2592000,h3-T051=\":443\"; ma=2592000,h3-T050=\":443\"; ma=2592000,h3-Q050=\":443\"; ma=2592000,h3-Q046=\":443\"; ma=2592000,h3-Q043=\":443\"; ma=2592000,quic=\":443\"; ma=2592000; v=\"46,43\"","accept-ranges":"none","transfer-encoding":"chunked"}
[debug] [2020-09-09T11:53:20.995Z] <<< HTTP RESPONSE 200 {"content-type":"application/json; charset=UTF-8","vary":"X-Origin, Referer, Origin,Accept-Encoding","date":"Wed, 09 Sep 2020 11:53:20 GMT","server":"ESF","cache-control":"private","x-xss-protection":"0","x-frame-options":"SAMEORIGIN","x-content-type-options":"nosniff","alt-svc":"h3-29=\":443\"; ma=2592000,h3-27=\":443\"; ma=2592000,h3-T051=\":443\"; ma=2592000,h3-T050=\":443\"; ma=2592000,h3-Q050=\":443\"; ma=2592000,h3-Q046=\":443\"; ma=2592000,h3-Q043=\":443\"; ma=2592000,quic=\":443\"; ma=2592000; v=\"46,43\"","accept-ranges":"none","transfer-encoding":"chunked"}
[debug] [2020-09-09T11:53:22.844Z] >>> HTTP REQUEST GET https://cloudfunctions.googleapis.com/v1/operations/dHJvbGwtbmVlZC1nb2xkLTAyL3VzLWNlbnRyYWwxL2V2ZW50VXBkYXRlZC9WNFpfMVoxNW1HVQ  
 
[debug] [2020-09-09T11:53:22.894Z] >>> HTTP REQUEST GET https://cloudfunctions.googleapis.com/v1/operations/dHJvbGwtbmVlZC1nb2xkLTAyL3VzLWNlbnRyYWwxL3JlbW92ZUZvbGxvd2luZy8yY1M1ZERlLWozZw  
 
[debug] [2020-09-09T11:53:22.999Z] >>> HTTP REQUEST GET https://cloudfunctions.googleapis.com/v1/operations/dHJvbGwtbmVlZC1nb2xkLTAyL3VzLWNlbnRyYWwxL2FkZEZvbGxvd2luZy9kbUp4Unh2aXYyQQ  
 
[debug] [2020-09-09T11:53:23.036Z] <<< HTTP RESPONSE 200 {"content-type":"application/json; charset=UTF-8","vary":"X-Origin, Referer, Origin,Accept-Encoding","date":"Wed, 09 Sep 2020 11:53:22 GMT","server":"ESF","cache-control":"private","x-xss-protection":"0","x-frame-options":"SAMEORIGIN","x-content-type-options":"nosniff","alt-svc":"h3-29=\":443\"; ma=2592000,h3-27=\":443\"; ma=2592000,h3-T051=\":443\"; ma=2592000,h3-T050=\":443\"; ma=2592000,h3-Q050=\":443\"; ma=2592000,h3-Q046=\":443\"; ma=2592000,h3-Q043=\":443\"; ma=2592000,quic=\":443\"; ma=2592000; v=\"46,43\"","accept-ranges":"none","transfer-encoding":"chunked"}
[debug] [2020-09-09T11:53:23.101Z] <<< HTTP RESPONSE 200 {"content-type":"application/json; charset=UTF-8","vary":"X-Origin, Referer, Origin,Accept-Encoding","date":"Wed, 09 Sep 2020 11:53:23 GMT","server":"ESF","cache-control":"private","x-xss-protection":"0","x-frame-options":"SAMEORIGIN","x-content-type-options":"nosniff","alt-svc":"h3-29=\":443\"; ma=2592000,h3-27=\":443\"; ma=2592000,h3-T051=\":443\"; ma=2592000,h3-T050=\":443\"; ma=2592000,h3-Q050=\":443\"; ma=2592000,h3-Q046=\":443\"; ma=2592000,h3-Q043=\":443\"; ma=2592000,quic=\":443\"; ma=2592000; v=\"46,43\"","accept-ranges":"none","transfer-encoding":"chunked"}
[debug] [2020-09-09T11:53:23.181Z] <<< HTTP RESPONSE 200 {"content-type":"application/json; charset=UTF-8","vary":"X-Origin, Referer, Origin,Accept-Encoding","date":"Wed, 09 Sep 2020 11:53:23 GMT","server":"ESF","cache-control":"private","x-xss-protection":"0","x-frame-options":"SAMEORIGIN","x-content-type-options":"nosniff","alt-svc":"h3-29=\":443\"; ma=2592000,h3-27=\":443\"; ma=2592000,h3-T051=\":443\"; ma=2592000,h3-T050=\":443\"; ma=2592000,h3-Q050=\":443\"; ma=2592000,h3-Q046=\":443\"; ma=2592000,h3-Q043=\":443\"; ma=2592000,quic=\":443\"; ma=2592000; v=\"46,43\"","accept-ranges":"none","transfer-encoding":"chunked"}
